Using pre-set license
Built from '6000.0/staging' branch; Version is '6000.0.37f1 (090b7797214c) revision 592759'; Using compiler version '193933523'; Build Type 'Release'
OS: 'Windows 11  (10.0.26100) 64bit Core' Language: 'en' Physical Memory: 16077 MB
BatchMode: 1, IsHumanControllingUs: 0, StartBugReporterOnCrash: 0, Is64bit: 1, IsPro: 1

COMMAND LINE ARGUMENTS:
C:\Program Files\Unity\Hub\Editor\6000.0.37f1\Editor\Unity.exe
-adb2
-batchMode
-noUpm
-name
AssetImportWorker1
-projectPath
C:/Users/sahel/GrannyGame/final-project-rambo-group/Granny Game
-logFile
Logs/AssetImportWorker1.log
-srvPort
60565
-job-worker-count
5
-background-job-worker-count
8
-gc-helper-count
1
Successfully changed project path to: C:/Users/sahel/GrannyGame/final-project-rambo-group/Granny Game
C:/Users/sahel/GrannyGame/final-project-rambo-group/Granny Game
[UnityMemory] Configuration Parameters - Can be set up in boot.config
    "memorysetup-bucket-allocator-granularity=16"
    "memorysetup-bucket-allocator-bucket-count=8"
    "memorysetup-bucket-allocator-block-size=33554432"
    "memorysetup-bucket-allocator-block-count=8"
    "memorysetup-main-allocator-block-size=16777216"
    "memorysetup-thread-allocator-block-size=16777216"
    "memorysetup-gfx-main-allocator-block-size=16777216"
    "memorysetup-gfx-thread-allocator-block-size=16777216"
    "memorysetup-cache-allocator-block-size=4194304"
    "memorysetup-typetree-allocator-block-size=2097152"
    "memorysetup-profiler-bucket-allocator-granularity=16"
    "memorysetup-profiler-bucket-allocator-bucket-count=8"
    "memorysetup-profiler-bucket-allocator-block-size=33554432"
    "memorysetup-profiler-bucket-allocator-block-count=8"
    "memorysetup-profiler-allocator-block-size=16777216"
    "memorysetup-profiler-editor-allocator-block-size=1048576"
    "memorysetup-temp-allocator-size-main=16777216"
    "memorysetup-job-temp-allocator-block-size=2097152"
    "memorysetup-job-temp-allocator-block-size-background=1048576"
    "memorysetup-job-temp-allocator-reduction-small-platforms=262144"
    "memorysetup-allocator-temp-initial-block-size-main=262144"
    "memorysetup-allocator-temp-initial-block-size-worker=262144"
    "memorysetup-temp-allocator-size-background-worker=32768"
    "memorysetup-temp-allocator-size-job-worker=262144"
    "memorysetup-temp-allocator-size-preload-manager=33554432"
    "memorysetup-temp-allocator-size-nav-mesh-worker=65536"
    "memorysetup-temp-allocator-size-audio-worker=65536"
    "memorysetup-temp-allocator-size-cloud-worker=32768"
    "memorysetup-temp-allocator-size-gi-baking-worker=262144"
    "memorysetup-temp-allocator-size-gi-baking-worker=262144"
    "memorysetup-temp-allocator-size-gi-baking-worker=262144"
    "memorysetup-temp-allocator-size-gi-baking-worker=262144"
    "memorysetup-temp-allocator-size-gi-baking-worker=262144"
    "memorysetup-temp-allocator-size-gfx=262144"
Player connection [31088]  Target information:

Player connection [31088]  * "[IP] 172.30.27.193 [Port] 0 [Flags] 2 [Guid] 1880106745 [EditorId] 1880106745 [Version] 1048832 [Id] WindowsEditor(7,Sahels2in1) [Debug] 1 [PackageName] WindowsEditor [ProjectName] Editor" 

Player connection [31088] Host joined multi-casting on [225.0.0.222:54997]...
Player connection [31088] Host joined alternative multi-casting on [225.0.0.222:34997]...
JobSystem: Creating JobQueue using job-worker-count value 5
Input System module state changed to: Initialized.
[Physics::Module] Initialized fallback backend.
[Physics::Module] Id: 0xdecafbad
Library Redirect Path: Library/
[Physics::Module] Selected backend.
[Physics::Module] Name: PhysX
[Physics::Module] Id: 0xf2b8ea05
[Physics::Module] SDK Version: 4.1.2
[Physics::Module] Integration Version: 1.0.0
[Physics::Module] Threading Mode: Multi-Threaded
Refreshing native plugins compatible for Editor in 2.15 ms, found 3 plugins.
Preloading 0 native plugins for Editor in 0.00 ms.
Initialize engine version: 6000.0.37f1 (090b7797214c)
[Subsystems] Discovering subsystems at path C:/Program Files/Unity/Hub/Editor/6000.0.37f1/Editor/Data/Resources/UnitySubsystems
[Subsystems] Discovering subsystems at path C:/Users/sahel/GrannyGame/final-project-rambo-group/Granny Game/Assets
GfxDevice: creating device client; kGfxThreadingModeNonThreaded
Direct3D:
    Version:  Direct3D 11.0 [level 11.1]
    Renderer: Intel(R) Iris(R) Xe Graphics (ID=0x46a8)
    Vendor:   Intel
    VRAM:     8038 MB
    Driver:   31.0.101.4502
Initialize mono
Mono path[0] = 'C:/Program Files/Unity/Hub/Editor/6000.0.37f1/Editor/Data/Managed'
Mono path[1] = 'C:/Program Files/Unity/Hub/Editor/6000.0.37f1/Editor/Data/MonoBleedingEdge/lib/mono/unityjit-win32'
Mono config path = 'C:/Program Files/Unity/Hub/Editor/6000.0.37f1/Editor/Data/MonoBleedingEdge/etc'
Using monoOptions --debugger-agent=transport=dt_socket,embedding=1,server=y,suspend=n,address=127.0.0.1:56056
Begin MonoManager ReloadAssembly
Registering precompiled unity dll's ...
Register platform support module: C:/Program Files/Unity/Hub/Editor/6000.0.37f1/Editor/Data/PlaybackEngines/WindowsStandaloneSupport/UnityEditor.WindowsStandalone.Extensions.dll
Registered in 0.002695 seconds.
- Loaded All Assemblies, in  0.533 seconds
Native extension for WindowsStandalone target not found
Mono: successfully reloaded assembly
- Finished resetting the current domain, in  0.486 seconds
Domain Reload Profiling: 1017ms
	BeginReloadAssembly (222ms)
		ExecutionOrderSort (0ms)
		DisableScriptedObjects (0ms)
		BackupInstance (0ms)
		ReleaseScriptingObjects (0ms)
		CreateAndSetChildDomain (2ms)
	RebuildCommonClasses (47ms)
	RebuildNativeTypeToScriptingClass (13ms)
	initialDomainReloadingComplete (57ms)
	LoadAllAssembliesAndSetupDomain (191ms)
		LoadAssemblies (216ms)
		RebuildTransferFunctionScriptingTraits (0ms)
		AnalyzeDomain (187ms)
			TypeCache.Refresh (184ms)
				TypeCache.ScanAssembly (166ms)
			BuildScriptInfoCaches (0ms)
			ResolveRequiredComponents (1ms)
	FinalizeReload (486ms)
		ReleaseScriptCaches (0ms)
		RebuildScriptCaches (0ms)
		SetupLoadedEditorAssemblies (432ms)
			LogAssemblyErrors (0ms)
			InitializePlatformSupportModulesInManaged (40ms)
			SetLoadedEditorAssemblies (6ms)
			BeforeProcessingInitializeOnLoad (75ms)
			ProcessInitializeOnLoadAttributes (251ms)
			ProcessInitializeOnLoadMethodAttributes (60ms)
			AfterProcessingInitializeOnLoad (0ms)
			EditorAssembliesLoaded (0ms)
		ExecutionOrderSort2 (0ms)
		AwakeInstancesAfterBackupRestoration (0ms)
========================================================================
Worker process is ready to serve import requests
Import Worker Mode flag is 0x00
Begin MonoManager ReloadAssembly
- Loaded All Assemblies, in  1.263 seconds
Refreshing native plugins compatible for Editor in 1.23 ms, found 3 plugins.
Native extension for WindowsStandalone target not found
[MODES] ModeService[none].Initialize
[MODES] ModeService[none].LoadModes
[MODES] Loading mode Default (0) for mode-current-id-PROJECT
Mono: successfully reloaded assembly
- Finished resetting the current domain, in  1.164 seconds
Domain Reload Profiling: 2421ms
	BeginReloadAssembly (223ms)
		ExecutionOrderSort (0ms)
		DisableScriptedObjects (6ms)
		BackupInstance (0ms)
		ReleaseScriptingObjects (0ms)
		CreateAndSetChildDomain (35ms)
	RebuildCommonClasses (51ms)
	RebuildNativeTypeToScriptingClass (22ms)
	initialDomainReloadingComplete (58ms)
	LoadAllAssembliesAndSetupDomain (902ms)
		LoadAssemblies (514ms)
		RebuildTransferFunctionScriptingTraits (0ms)
		AnalyzeDomain (522ms)
			TypeCache.Refresh (383ms)
				TypeCache.ScanAssembly (355ms)
			BuildScriptInfoCaches (122ms)
			ResolveRequiredComponents (10ms)
	FinalizeReload (1165ms)
		ReleaseScriptCaches (0ms)
		RebuildScriptCaches (0ms)
		SetupLoadedEditorAssemblies (992ms)
			LogAssemblyErrors (0ms)
			InitializePlatformSupportModulesInManaged (4ms)
			SetLoadedEditorAssemblies (5ms)
			BeforeProcessingInitializeOnLoad (143ms)
			ProcessInitializeOnLoadAttributes (661ms)
			ProcessInitializeOnLoadMethodAttributes (175ms)
			AfterProcessingInitializeOnLoad (4ms)
			EditorAssembliesLoaded (0ms)
		ExecutionOrderSort2 (0ms)
		AwakeInstancesAfterBackupRestoration (7ms)
Launched and connected shader compiler UnityShaderCompiler.exe after 0.03 seconds
Refreshing native plugins compatible for Editor in 1.58 ms, found 3 plugins.
Preloading 0 native plugins for Editor in 0.00 ms.
Unloading 91 Unused Serialized files (Serialized files now loaded: 0)
Unloading 5995 unused Assets / (4.9 MB). Loaded Objects now: 6504.
Memory consumption went from 133.6 MB to 128.6 MB.
Total: 11.732500 ms (FindLiveObjects: 1.617600 ms CreateObjectMapping: 0.852800 ms MarkObjects: 6.773500 ms  DeleteObjects: 2.487100 ms)

========================================================================
Received Import Request.
  Time since last request: 63729.966914 seconds.
  path: Assets/FencesPack/Prefabs/BrickWall.prefab
  artifactKey: Guid(85361bd192e684c4aae377722ca1ba24) Importer(815301076,1909f56bfc062723c751e8b465ee728b)
Start importing Assets/FencesPack/Prefabs/BrickWall.prefab using Guid(85361bd192e684c4aae377722ca1ba24) Importer(815301076,1909f56bfc062723c751e8b465ee728b) (PreviewImporter) -> (artifact id: '5ecf7dc986792cf4936777c9dd5a1e85') in 0.0587978 seconds
Number of updated asset objects reloaded before import = 0Number of asset objects unloaded after import = 10

========================================================================
Received Import Request.
  Time since last request: 0.000023 seconds.
  path: Assets/FencesPack/Prefabs/ConcreteFance.prefab
  artifactKey: Guid(123c15bdc3d1d484c8e34649090d7b70) Importer(815301076,1909f56bfc062723c751e8b465ee728b)
Start importing Assets/FencesPack/Prefabs/ConcreteFance.prefab using Guid(123c15bdc3d1d484c8e34649090d7b70) Importer(815301076,1909f56bfc062723c751e8b465ee728b) (PreviewImporter) -> (artifact id: 'f49ef18259c1d50535f4b9fd0951d016') in 0.002787 seconds
Number of updated asset objects reloaded before import = 0Number of asset objects unloaded after import = 29

========================================================================
Received Import Request.
  Time since last request: 0.000029 seconds.
  path: Assets/FencesPack/Prefabs/ConcreteFance1.prefab
  artifactKey: Guid(4789a66a4bfe1a04f8ec617aa13f8e28) Importer(815301076,1909f56bfc062723c751e8b465ee728b)
Start importing Assets/FencesPack/Prefabs/ConcreteFance1.prefab using Guid(4789a66a4bfe1a04f8ec617aa13f8e28) Importer(815301076,1909f56bfc062723c751e8b465ee728b) (PreviewImporter) -> (artifact id: '35bd53134c6dc413379c585653543eb4') in 0.0022984 seconds
Number of updated asset objects reloaded before import = 0Number of asset objects unloaded after import = 24

========================================================================
Received Import Request.
  Time since last request: 0.139146 seconds.
  path: Assets/FencesPack/Prefabs/PO2Stand.prefab
  artifactKey: Guid(bc5a201579a363146b969d1230227a04) Importer(815301076,1909f56bfc062723c751e8b465ee728b)
Start importing Assets/FencesPack/Prefabs/PO2Stand.prefab using Guid(bc5a201579a363146b969d1230227a04) Importer(815301076,1909f56bfc062723c751e8b465ee728b) (PreviewImporter) -> (artifact id: '78e9ce6a526782aba8b8a72bb047437b') in 0.1619581 seconds
Number of updated asset objects reloaded before import = 0Number of asset objects unloaded after import = 8

========================================================================
Received Import Request.
  Time since last request: 0.000030 seconds.
  path: Assets/FencesPack/Prefabs/PO2StandV2.prefab
  artifactKey: Guid(fe799f1b1a760d345af415e5e87205e2) Importer(815301076,1909f56bfc062723c751e8b465ee728b)
Start importing Assets/FencesPack/Prefabs/PO2StandV2.prefab using Guid(fe799f1b1a760d345af415e5e87205e2) Importer(815301076,1909f56bfc062723c751e8b465ee728b) (PreviewImporter) -> (artifact id: '57af6772b89b39700f9d9e66275eb149') in 0.043504 seconds
Number of updated asset objects reloaded before import = 0Number of asset objects unloaded after import = 26

========================================================================
Received Import Request.
  Time since last request: 112.368719 seconds.
  path: Assets/FencesPack/Textures/normal maps/Metal_Corroded_1K_normal.tif
  artifactKey: Guid(1a13a1c648975434682e0f05a79046b5) Importer(815301076,1909f56bfc062723c751e8b465ee728b)
Start importing Assets/FencesPack/Textures/normal maps/Metal_Corroded_1K_normal.tif using Guid(1a13a1c648975434682e0f05a79046b5) Importer(815301076,1909f56bfc062723c751e8b465ee728b) (PreviewImporter) -> (artifact id: '791978859c2eb5fd09711a5e313c39f2') in 0.0641164 seconds
Number of updated asset objects reloaded before import = 0Number of asset objects unloaded after import = 2

========================================================================
Received Import Request.
  Time since last request: 0.000270 seconds.
  path: Assets/FencesPack/Textures/normal maps/WoodNormal.tif
  artifactKey: Guid(a5d9eacfa443f994296424ed96e83310) Importer(815301076,1909f56bfc062723c751e8b465ee728b)
Start importing Assets/FencesPack/Textures/normal maps/WoodNormal.tif using Guid(a5d9eacfa443f994296424ed96e83310) Importer(815301076,1909f56bfc062723c751e8b465ee728b) (PreviewImporter) -> (artifact id: '0c8960b74987816af61489dcd2bdd05f') in 0.058563 seconds
Number of updated asset objects reloaded before import = 0Number of asset objects unloaded after import = 2

========================================================================
Received Import Request.
  Time since last request: 0.000083 seconds.
  path: Assets/FencesPack/Textures/normal maps/Paint_Ruste_normal.tif
  artifactKey: Guid(d6ee698067f07bb42a5963e386c9e574) Importer(815301076,1909f56bfc062723c751e8b465ee728b)
Start importing Assets/FencesPack/Textures/normal maps/Paint_Ruste_normal.tif using Guid(d6ee698067f07bb42a5963e386c9e574) Importer(815301076,1909f56bfc062723c751e8b465ee728b) (PreviewImporter) -> (artifact id: '31fa05fb0823ffbcc40c3436a7e8ef4f') in 0.0371509 seconds
Number of updated asset objects reloaded before import = 0Number of asset objects unloaded after import = 2

========================================================================
Received Import Request.
  Time since last request: 0.000025 seconds.
  path: Assets/FencesPack/Textures/normal maps/Wall_Concret_normal.tif
  artifactKey: Guid(d260e864638f34240aca59edba859890) Importer(815301076,1909f56bfc062723c751e8b465ee728b)
Start importing Assets/FencesPack/Textures/normal maps/Wall_Concret_normal.tif using Guid(d260e864638f34240aca59edba859890) Importer(815301076,1909f56bfc062723c751e8b465ee728b) (PreviewImporter) -> (artifact id: 'ab28ed2d156ec30c65ae361872e6e9a0') in 0.0420851 seconds
Number of updated asset objects reloaded before import = 0Number of asset objects unloaded after import = 2

========================================================================
Received Import Request.
  Time since last request: 0.000083 seconds.
  path: Assets/FencesPack/Textures/normal maps/Wood_End_normal.tif
  artifactKey: Guid(172ddc7c2fafff1428c4bcbf6640ed63) Importer(815301076,1909f56bfc062723c751e8b465ee728b)
Start importing Assets/FencesPack/Textures/normal maps/Wood_End_normal.tif using Guid(172ddc7c2fafff1428c4bcbf6640ed63) Importer(815301076,1909f56bfc062723c751e8b465ee728b) (PreviewImporter) -> (artifact id: '13d33aa50a11ca78745c8d98d70e6fbd') in 0.0476148 seconds
Number of updated asset objects reloaded before import = 0Number of asset objects unloaded after import = 2

========================================================================
Received Import Request.
  Time since last request: 0.000149 seconds.
  path: Assets/FencesPack/Textures/normal maps/NormalRedMetal.png
  artifactKey: Guid(32c7aeed08806ad4d95a9061eec4e695) Importer(815301076,1909f56bfc062723c751e8b465ee728b)
Start importing Assets/FencesPack/Textures/normal maps/NormalRedMetal.png using Guid(32c7aeed08806ad4d95a9061eec4e695) Importer(815301076,1909f56bfc062723c751e8b465ee728b) (PreviewImporter) -> (artifact id: 'dd6421c674a2fada8af3eb6feaaee05d') in 0.0388528 seconds
Number of updated asset objects reloaded before import = 0Number of asset objects unloaded after import = 2

========================================================================
Received Import Request.
  Time since last request: 0.000178 seconds.
  path: Assets/FencesPack/Textures/normal maps/MetalNormal.tif
  artifactKey: Guid(bfc311f63b9e63e4aac62c870d143e9e) Importer(815301076,1909f56bfc062723c751e8b465ee728b)
Start importing Assets/FencesPack/Textures/normal maps/MetalNormal.tif using Guid(bfc311f63b9e63e4aac62c870d143e9e) Importer(815301076,1909f56bfc062723c751e8b465ee728b) (PreviewImporter) -> (artifact id: '615996527778794420825910eaf690a5') in 0.0425878 seconds
Number of updated asset objects reloaded before import = 0Number of asset objects unloaded after import = 2

========================================================================
Received Import Request.
  Time since last request: 0.000058 seconds.
  path: Assets/FencesPack/Textures/normal maps/NormalBlueMetal.png
  artifactKey: Guid(adeec64c10f72b341b5c9609d4db1f54) Importer(815301076,1909f56bfc062723c751e8b465ee728b)
Start importing Assets/FencesPack/Textures/normal maps/NormalBlueMetal.png using Guid(adeec64c10f72b341b5c9609d4db1f54) Importer(815301076,1909f56bfc062723c751e8b465ee728b) (PreviewImporter) -> (artifact id: '87094e03e79274a66e12fcf7d3eb83e3') in 0.0349949 seconds
Number of updated asset objects reloaded before import = 0Number of asset objects unloaded after import = 2

========================================================================
Received Import Request.
  Time since last request: 0.001481 seconds.
  path: Assets/FencesPack/Textures/normal maps/Wood_PlywoodPainted_normal.tif
  artifactKey: Guid(d9ee8ac79fbacc54f8d91026b832799f) Importer(815301076,1909f56bfc062723c751e8b465ee728b)
Start importing Assets/FencesPack/Textures/normal maps/Wood_PlywoodPainted_normal.tif using Guid(d9ee8ac79fbacc54f8d91026b832799f) Importer(815301076,1909f56bfc062723c751e8b465ee728b) (PreviewImporter) -> (artifact id: 'b46037d07e663e50e61d6b0dfe0d4f13') in 0.0337464 seconds
Number of updated asset objects reloaded before import = 0Number of asset objects unloaded after import = 2

========================================================================
Received Import Request.
  Time since last request: 0.000025 seconds.
  path: Assets/FencesPack/Textures/normal maps/normalGrass.png
  artifactKey: Guid(717022c19b6d00b48afca62260fe58c3) Importer(815301076,1909f56bfc062723c751e8b465ee728b)
Start importing Assets/FencesPack/Textures/normal maps/normalGrass.png using Guid(717022c19b6d00b48afca62260fe58c3) Importer(815301076,1909f56bfc062723c751e8b465ee728b) (PreviewImporter) -> (artifact id: '6a962a2033dbe6ef8f13741c061ab577') in 0.0323635 seconds
Number of updated asset objects reloaded before import = 0Number of asset objects unloaded after import = 2

========================================================================
Received Import Request.
  Time since last request: 30.345006 seconds.
  path: Assets/FencesPack/Textures/Occlusion/AOBlueMetal.tif
  artifactKey: Guid(ea316f9e2f10de041b9d9039e573cfff) Importer(815301076,1909f56bfc062723c751e8b465ee728b)
Start importing Assets/FencesPack/Textures/Occlusion/AOBlueMetal.tif using Guid(ea316f9e2f10de041b9d9039e573cfff) Importer(815301076,1909f56bfc062723c751e8b465ee728b) (PreviewImporter) -> (artifact id: '3154b505552a318d906f3a1db2a56bee') in 0.0577996 seconds
Number of updated asset objects reloaded before import = 0Number of asset objects unloaded after import = 2

========================================================================
Received Import Request.
  Time since last request: 0.000028 seconds.
  path: Assets/FencesPack/Textures/Occlusion/TexturesCom_Concrete_Base8_2x2_1K_ao.tif
  artifactKey: Guid(3900f2a716bcb8443827f3a7575d949a) Importer(815301076,1909f56bfc062723c751e8b465ee728b)
Start importing Assets/FencesPack/Textures/Occlusion/TexturesCom_Concrete_Base8_2x2_1K_ao.tif using Guid(3900f2a716bcb8443827f3a7575d949a) Importer(815301076,1909f56bfc062723c751e8b465ee728b) (PreviewImporter) -> (artifact id: 'd89b69902e723b593b095ad51ce59080') in 0.0434406 seconds
Number of updated asset objects reloaded before import = 0Number of asset objects unloaded after import = 2

========================================================================
Received Import Request.
  Time since last request: 0.000481 seconds.
  path: Assets/FencesPack/Textures/Occlusion/WoodAO.tif
  artifactKey: Guid(0b71ec8d87bc15b4d95d04d80fe36992) Importer(815301076,1909f56bfc062723c751e8b465ee728b)
Start importing Assets/FencesPack/Textures/Occlusion/WoodAO.tif using Guid(0b71ec8d87bc15b4d95d04d80fe36992) Importer(815301076,1909f56bfc062723c751e8b465ee728b) (PreviewImporter) -> (artifact id: '86c5be95ab29fcd9992798b179f1a5d7') in 0.0457765 seconds
Number of updated asset objects reloaded before import = 0Number of asset objects unloaded after import = 2

========================================================================
Received Import Request.
  Time since last request: 0.000722 seconds.
  path: Assets/FencesPack/Textures/Occlusion/AOGrayMetal.tif
  artifactKey: Guid(11cf9e2c2f8ccda42ba3707352fb6e2a) Importer(815301076,1909f56bfc062723c751e8b465ee728b)
Start importing Assets/FencesPack/Textures/Occlusion/AOGrayMetal.tif using Guid(11cf9e2c2f8ccda42ba3707352fb6e2a) Importer(815301076,1909f56bfc062723c751e8b465ee728b) (PreviewImporter) -> (artifact id: 'aac04ecf4aead1e1248455e8ae262376') in 0.0435148 seconds
Number of updated asset objects reloaded before import = 0Number of asset objects unloaded after import = 2

========================================================================
Received Import Request.
  Time since last request: 0.000047 seconds.
  path: Assets/FencesPack/Textures/Occlusion/AOGreenMetal.tif
  artifactKey: Guid(1a763aec1ba10c044910a8db8af34bce) Importer(815301076,1909f56bfc062723c751e8b465ee728b)
Start importing Assets/FencesPack/Textures/Occlusion/AOGreenMetal.tif using Guid(1a763aec1ba10c044910a8db8af34bce) Importer(815301076,1909f56bfc062723c751e8b465ee728b) (PreviewImporter) -> (artifact id: 'dbd9db1aebb9ff506cfa70641af94135') in 0.0440315 seconds
Number of updated asset objects reloaded before import = 0Number of asset objects unloaded after import = 2

========================================================================
Received Import Request.
  Time since last request: 0.000021 seconds.
  path: Assets/FencesPack/Textures/Occlusion/MetalAO.tif
  artifactKey: Guid(cf727d2e5d839dc42a9bb79fe2bf62d6) Importer(815301076,1909f56bfc062723c751e8b465ee728b)
Start importing Assets/FencesPack/Textures/Occlusion/MetalAO.tif using Guid(cf727d2e5d839dc42a9bb79fe2bf62d6) Importer(815301076,1909f56bfc062723c751e8b465ee728b) (PreviewImporter) -> (artifact id: '78a304b6b4c1d53a96f4d5393052d0e7') in 0.0477439 seconds
Number of updated asset objects reloaded before import = 0Number of asset objects unloaded after import = 2

========================================================================
Received Import Request.
  Time since last request: 11.100734 seconds.
  path: Assets/FencesPack/Textures/roughness/MetalR.tif
  artifactKey: Guid(ba90ff3cd83864045a1879c498b95cb5) Importer(815301076,1909f56bfc062723c751e8b465ee728b)
Start importing Assets/FencesPack/Textures/roughness/MetalR.tif using Guid(ba90ff3cd83864045a1879c498b95cb5) Importer(815301076,1909f56bfc062723c751e8b465ee728b) (PreviewImporter) -> (artifact id: 'a9818e290ced2a710774348d2e2816a5') in 0.0571983 seconds
Number of updated asset objects reloaded before import = 0Number of asset objects unloaded after import = 2

========================================================================
Received Import Request.
  Time since last request: 0.000029 seconds.
  path: Assets/FencesPack/Textures/roughness/Paint_Ruste_roughness.tif
  artifactKey: Guid(a8e73a991af51d543877a69b98785abe) Importer(815301076,1909f56bfc062723c751e8b465ee728b)
Start importing Assets/FencesPack/Textures/roughness/Paint_Ruste_roughness.tif using Guid(a8e73a991af51d543877a69b98785abe) Importer(815301076,1909f56bfc062723c751e8b465ee728b) (PreviewImporter) -> (artifact id: 'ac1aee594aadf7df064761366d187ab1') in 0.0452244 seconds
Number of updated asset objects reloaded before import = 0Number of asset objects unloaded after import = 2

========================================================================
Received Import Request.
  Time since last request: 0.000058 seconds.
  path: Assets/FencesPack/Textures/roughness/Wood_End_roughness.tif
  artifactKey: Guid(af8a5e1054ac6c54c9486d20c45a58a5) Importer(815301076,1909f56bfc062723c751e8b465ee728b)
Start importing Assets/FencesPack/Textures/roughness/Wood_End_roughness.tif using Guid(af8a5e1054ac6c54c9486d20c45a58a5) Importer(815301076,1909f56bfc062723c751e8b465ee728b) (PreviewImporter) -> (artifact id: 'cf2ace528479a315854a436cb5f2796f') in 0.034684 seconds
Number of updated asset objects reloaded before import = 0Number of asset objects unloaded after import = 2

========================================================================
Received Import Request.
  Time since last request: 0.000028 seconds.
  path: Assets/FencesPack/Textures/roughness/WoodR.tif
  artifactKey: Guid(915e2ad7859fe064199ed74d4ad9e5cb) Importer(815301076,1909f56bfc062723c751e8b465ee728b)
Start importing Assets/FencesPack/Textures/roughness/WoodR.tif using Guid(915e2ad7859fe064199ed74d4ad9e5cb) Importer(815301076,1909f56bfc062723c751e8b465ee728b) (PreviewImporter) -> (artifact id: '357834d30fe4c4e1fbdbb7ed5a10195e') in 0.0439986 seconds
Number of updated asset objects reloaded before import = 0Number of asset objects unloaded after import = 2

========================================================================
Received Import Request.
  Time since last request: 7.250410 seconds.
  path: Assets/FencesPack/Textures/SpecularMetalic/MetalMetalic.tif
  artifactKey: Guid(6e7e1a16dda408c45a906bdea005241b) Importer(815301076,1909f56bfc062723c751e8b465ee728b)
Start importing Assets/FencesPack/Textures/SpecularMetalic/MetalMetalic.tif using Guid(6e7e1a16dda408c45a906bdea005241b) Importer(815301076,1909f56bfc062723c751e8b465ee728b) (PreviewImporter) -> (artifact id: '6c335de70ed7a3fe1f0529c7d1fe04ce') in 0.0355404 seconds
Number of updated asset objects reloaded before import = 0Number of asset objects unloaded after import = 2

========================================================================
Received Import Request.
  Time since last request: 0.000176 seconds.
  path: Assets/FencesPack/Textures/SpecularMetalic/SpecularBlueMetal.png
  artifactKey: Guid(f7cb666943987a8468a6ba02653cf056) Importer(815301076,1909f56bfc062723c751e8b465ee728b)
Start importing Assets/FencesPack/Textures/SpecularMetalic/SpecularBlueMetal.png using Guid(f7cb666943987a8468a6ba02653cf056) Importer(815301076,1909f56bfc062723c751e8b465ee728b) (PreviewImporter) -> (artifact id: '16b608f9c0500f62314ab8d5007c1bb6') in 0.0397547 seconds
Number of updated asset objects reloaded before import = 0Number of asset objects unloaded after import = 2

========================================================================
Received Import Request.
  Time since last request: 0.000027 seconds.
  path: Assets/FencesPack/Textures/SpecularMetalic/specularGrass.png
  artifactKey: Guid(5eff84c7a7d13c24d81502ef64e11e81) Importer(815301076,1909f56bfc062723c751e8b465ee728b)
Start importing Assets/FencesPack/Textures/SpecularMetalic/specularGrass.png using Guid(5eff84c7a7d13c24d81502ef64e11e81) Importer(815301076,1909f56bfc062723c751e8b465ee728b) (PreviewImporter) -> (artifact id: '310b0640863a4a9cb098737df06a1080') in 0.0457187 seconds
Number of updated asset objects reloaded before import = 0Number of asset objects unloaded after import = 2

========================================================================
Received Import Request.
  Time since last request: 12.864708 seconds.
  path: Assets/FencesPack/Textures/Albedo/Diffuse.png
  artifactKey: Guid(5019dbd8b6333c047bd36fe3e37e629b) Importer(815301076,1909f56bfc062723c751e8b465ee728b)
Start importing Assets/FencesPack/Textures/Albedo/Diffuse.png using Guid(5019dbd8b6333c047bd36fe3e37e629b) Importer(815301076,1909f56bfc062723c751e8b465ee728b) (PreviewImporter) -> (artifact id: 'ba0dcb45d3cb51ff0b12f3266d1f4460') in 0.0582781 seconds
Number of updated asset objects reloaded before import = 0Number of asset objects unloaded after import = 2

========================================================================
Received Import Request.
  Time since last request: 0.000028 seconds.
  path: Assets/FencesPack/Textures/Albedo/Wood_PlywoodPainted_albedo.tif
  artifactKey: Guid(cefb973986632d84da44021787241fc4) Importer(815301076,1909f56bfc062723c751e8b465ee728b)
Start importing Assets/FencesPack/Textures/Albedo/Wood_PlywoodPainted_albedo.tif using Guid(cefb973986632d84da44021787241fc4) Importer(815301076,1909f56bfc062723c751e8b465ee728b) (PreviewImporter) -> (artifact id: '9e02554e71c0ee025baddcf0bcd12253') in 0.0338652 seconds
Number of updated asset objects reloaded before import = 0Number of asset objects unloaded after import = 2

========================================================================
Received Import Request.
  Time since last request: 0.000087 seconds.
  path: Assets/FencesPack/Textures/Albedo/RadMetal_Diff.png
  artifactKey: Guid(7f78fe9b70e4ed443810add6f5fe3888) Importer(815301076,1909f56bfc062723c751e8b465ee728b)
Start importing Assets/FencesPack/Textures/Albedo/RadMetal_Diff.png using Guid(7f78fe9b70e4ed443810add6f5fe3888) Importer(815301076,1909f56bfc062723c751e8b465ee728b) (PreviewImporter) -> (artifact id: '869a228cad0f9d72a7892d5a2e6d387a') in 0.040006 seconds
Number of updated asset objects reloaded before import = 0Number of asset objects unloaded after import = 2

========================================================================
Received Import Request.
  Time since last request: 0.000095 seconds.
  path: Assets/FencesPack/Textures/Albedo/DiffuseGrayMetal.png
  artifactKey: Guid(f1c45f8709a5d0a4da23071246ebaebd) Importer(815301076,1909f56bfc062723c751e8b465ee728b)
Start importing Assets/FencesPack/Textures/Albedo/DiffuseGrayMetal.png using Guid(f1c45f8709a5d0a4da23071246ebaebd) Importer(815301076,1909f56bfc062723c751e8b465ee728b) (PreviewImporter) -> (artifact id: '61f9aa4829cb7531a27de26c68b9f5ba') in 0.0366247 seconds
Number of updated asset objects reloaded before import = 0Number of asset objects unloaded after import = 2

========================================================================
Received Import Request.
  Time since last request: 0.000286 seconds.
  path: Assets/FencesPack/Textures/Albedo/Paint_Ruste_albedo.tif
  artifactKey: Guid(ca94e88c35119b24591251b735dd682e) Importer(815301076,1909f56bfc062723c751e8b465ee728b)
Start importing Assets/FencesPack/Textures/Albedo/Paint_Ruste_albedo.tif using Guid(ca94e88c35119b24591251b735dd682e) Importer(815301076,1909f56bfc062723c751e8b465ee728b) (PreviewImporter) -> (artifact id: '90cd919984a84b1d8af4c114f1fff15f') in 0.0429017 seconds
Number of updated asset objects reloaded before import = 0Number of asset objects unloaded after import = 2

========================================================================
Received Import Request.
  Time since last request: 0.000048 seconds.
  path: Assets/FencesPack/Textures/Albedo/WoodDiffuse.tif
  artifactKey: Guid(a4a9b95187d1dc540951467a2db4f04b) Importer(815301076,1909f56bfc062723c751e8b465ee728b)
Start importing Assets/FencesPack/Textures/Albedo/WoodDiffuse.tif using Guid(a4a9b95187d1dc540951467a2db4f04b) Importer(815301076,1909f56bfc062723c751e8b465ee728b) (PreviewImporter) -> (artifact id: 'fbfbd752a2ccdb2b6b9840288e60d7e4') in 0.040297 seconds
Number of updated asset objects reloaded before import = 0Number of asset objects unloaded after import = 2

========================================================================
Received Import Request.
  Time since last request: 0.000096 seconds.
  path: Assets/FencesPack/Textures/Albedo/MetaDiffuse.tif
  artifactKey: Guid(3f16a5509e8adad4ab38fcc554d8f7fc) Importer(815301076,1909f56bfc062723c751e8b465ee728b)
Start importing Assets/FencesPack/Textures/Albedo/MetaDiffuse.tif using Guid(3f16a5509e8adad4ab38fcc554d8f7fc) Importer(815301076,1909f56bfc062723c751e8b465ee728b) (PreviewImporter) -> (artifact id: '06dac5272ba5868fd81ce8e40ba69001') in 0.0445303 seconds
Number of updated asset objects reloaded before import = 0Number of asset objects unloaded after import = 2

========================================================================
Received Import Request.
  Time since last request: 0.000333 seconds.
  path: Assets/FencesPack/Textures/Albedo/Wall_BrickSovietSilicateNew_2.15x2_1K_albedo 1.tif
  artifactKey: Guid(2c054be828714264e9b131d4576f0893) Importer(815301076,1909f56bfc062723c751e8b465ee728b)
Start importing Assets/FencesPack/Textures/Albedo/Wall_BrickSovietSilicateNew_2.15x2_1K_albedo 1.tif using Guid(2c054be828714264e9b131d4576f0893) Importer(815301076,1909f56bfc062723c751e8b465ee728b) (PreviewImporter) -> (artifact id: '5b705d8ec71c5c02fe0e3b6062d49b33') in 0.0418022 seconds
Number of updated asset objects reloaded before import = 0Number of asset objects unloaded after import = 2

========================================================================
Received Import Request.
  Time since last request: 0.000036 seconds.
  path: Assets/FencesPack/Textures/Albedo/DifuseRedMetal.png
  artifactKey: Guid(8c48cc840f9447a4f895015f210acfa7) Importer(815301076,1909f56bfc062723c751e8b465ee728b)
Start importing Assets/FencesPack/Textures/Albedo/DifuseRedMetal.png using Guid(8c48cc840f9447a4f895015f210acfa7) Importer(815301076,1909f56bfc062723c751e8b465ee728b) (PreviewImporter) -> (artifact id: '2e0971e8fd635df21c9cf1d04b8dc8ae') in 0.0669963 seconds
Number of updated asset objects reloaded before import = 0Number of asset objects unloaded after import = 2

========================================================================
Received Import Request.
  Time since last request: 411.094593 seconds.
  path: Assets/FencesPack/Textures/Heighr Map/DisplacementBlueMetal.tif
  artifactKey: Guid(b05bdffdf1b4c4246b4a31a38714c747) Importer(815301076,1909f56bfc062723c751e8b465ee728b)
Start importing Assets/FencesPack/Textures/Heighr Map/DisplacementBlueMetal.tif using Guid(b05bdffdf1b4c4246b4a31a38714c747) Importer(815301076,1909f56bfc062723c751e8b465ee728b) (PreviewImporter) -> (artifact id: 'c6487da784fcb2101d3f313f52fd2167') in 0.0505823 seconds
Number of updated asset objects reloaded before import = 0Number of asset objects unloaded after import = 2

========================================================================
Received Import Request.
  Time since last request: 0.000063 seconds.
  path: Assets/FencesPack/Textures/Heighr Map/TexturesCom_Concrete_Base8_2x2_1K_height.tif
  artifactKey: Guid(cede970b6da727b4cbf5d2243be6a5df) Importer(815301076,1909f56bfc062723c751e8b465ee728b)
Start importing Assets/FencesPack/Textures/Heighr Map/TexturesCom_Concrete_Base8_2x2_1K_height.tif using Guid(cede970b6da727b4cbf5d2243be6a5df) Importer(815301076,1909f56bfc062723c751e8b465ee728b) (PreviewImporter) -> (artifact id: '8219e569fe85e711845e4e18f56f0c76') in 0.0567357 seconds
Number of updated asset objects reloaded before import = 0Number of asset objects unloaded after import = 2

========================================================================
Received Import Request.
  Time since last request: 0.000162 seconds.
  path: Assets/FencesPack/Textures/Heighr Map/Wall_BrickSovietSilicateNew_2.15x2_1K_height.tif
  artifactKey: Guid(09400f8076d7c924b8eb6b443e2ffcb1) Importer(815301076,1909f56bfc062723c751e8b465ee728b)
Start importing Assets/FencesPack/Textures/Heighr Map/Wall_BrickSovietSilicateNew_2.15x2_1K_height.tif using Guid(09400f8076d7c924b8eb6b443e2ffcb1) Importer(815301076,1909f56bfc062723c751e8b465ee728b) (PreviewImporter) -> (artifact id: 'd95de764ee50e8c18d32e25130133c75') in 0.0411494 seconds
Number of updated asset objects reloaded before import = 0Number of asset objects unloaded after import = 2

========================================================================
Received Import Request.
  Time since last request: 0.000285 seconds.
  path: Assets/FencesPack/Textures/Heighr Map/DisplacementGreenMetal.tif
  artifactKey: Guid(5299831065b276b4ca0db64cb8c46f52) Importer(815301076,1909f56bfc062723c751e8b465ee728b)
Start importing Assets/FencesPack/Textures/Heighr Map/DisplacementGreenMetal.tif using Guid(5299831065b276b4ca0db64cb8c46f52) Importer(815301076,1909f56bfc062723c751e8b465ee728b) (PreviewImporter) -> (artifact id: 'df6259a8853da41169810e018cf1dcff') in 0.0435395 seconds
Number of updated asset objects reloaded before import = 0Number of asset objects unloaded after import = 2

========================================================================
Received Import Request.
  Time since last request: 0.000056 seconds.
  path: Assets/FencesPack/Textures/Heighr Map/DisplacementRedMetal.tif
  artifactKey: Guid(da5404c35ca2aed43ad474b53cbdbacd) Importer(815301076,1909f56bfc062723c751e8b465ee728b)
Start importing Assets/FencesPack/Textures/Heighr Map/DisplacementRedMetal.tif using Guid(da5404c35ca2aed43ad474b53cbdbacd) Importer(815301076,1909f56bfc062723c751e8b465ee728b) (PreviewImporter) -> (artifact id: 'd2182bc702195a45f2476269320e6351') in 0.0273898 seconds
Number of updated asset objects reloaded before import = 0Number of asset objects unloaded after import = 2

========================================================================
Received Import Request.
  Time since last request: 11.017920 seconds.
  path: Assets/FencesPack/Materials/BrickWhite.mat
  artifactKey: Guid(41f6d989b37e86b479a716325864e729) Importer(815301076,1909f56bfc062723c751e8b465ee728b)
Start importing Assets/FencesPack/Materials/BrickWhite.mat using Guid(41f6d989b37e86b479a716325864e729) Importer(815301076,1909f56bfc062723c751e8b465ee728b) (PreviewImporter) -> (artifact id: 'dd8f1cdc128424da95fe859d319d69b5') in 0.2652501 seconds
Number of updated asset objects reloaded before import = 0Number of asset objects unloaded after import = 3

========================================================================
Received Import Request.
  Time since last request: 0.000032 seconds.
  path: Assets/FencesPack/Materials/ConcreteOld.mat
  artifactKey: Guid(497e264877f93e54aaef6d9ad65d57c9) Importer(815301076,1909f56bfc062723c751e8b465ee728b)
Start importing Assets/FencesPack/Materials/ConcreteOld.mat using Guid(497e264877f93e54aaef6d9ad65d57c9) Importer(815301076,1909f56bfc062723c751e8b465ee728b) (PreviewImporter) -> (artifact id: '416a86be70c7c59f09d67022825d5e6b') in 0.0640702 seconds
Number of updated asset objects reloaded before import = 0Number of asset objects unloaded after import = 3

========================================================================
Received Import Request.
  Time since last request: 0.000031 seconds.
  path: Assets/FencesPack/Materials/WoodBlue.mat
  artifactKey: Guid(326e7bda96f982542aad864c9f0110a0) Importer(815301076,1909f56bfc062723c751e8b465ee728b)
Start importing Assets/FencesPack/Materials/WoodBlue.mat using Guid(326e7bda96f982542aad864c9f0110a0) Importer(815301076,1909f56bfc062723c751e8b465ee728b) (PreviewImporter) -> (artifact id: '14656b3a7e97719a5bc6579855a30daf') in 0.0651941 seconds
Number of updated asset objects reloaded before import = 0Number of asset objects unloaded after import = 3

========================================================================
Received Import Request.
  Time since last request: 0.000977 seconds.
  path: Assets/FencesPack/Materials/MetalGreen.mat
  artifactKey: Guid(ffdc720101fa06140b529ddbaddcbb80) Importer(815301076,1909f56bfc062723c751e8b465ee728b)
Start importing Assets/FencesPack/Materials/MetalGreen.mat using Guid(ffdc720101fa06140b529ddbaddcbb80) Importer(815301076,1909f56bfc062723c751e8b465ee728b) (PreviewImporter) -> (artifact id: '751d8edaa1b2e287e76c1e318016420d') in 0.0705223 seconds
Number of updated asset objects reloaded before import = 0Number of asset objects unloaded after import = 3

========================================================================
Received Import Request.
  Time since last request: 0.000402 seconds.
  path: Assets/FencesPack/Materials/MetalBlue.mat
  artifactKey: Guid(b9a9fdd0df9832f4e9ed44e58b62fe58) Importer(815301076,1909f56bfc062723c751e8b465ee728b)
Start importing Assets/FencesPack/Materials/MetalBlue.mat using Guid(b9a9fdd0df9832f4e9ed44e58b62fe58) Importer(815301076,1909f56bfc062723c751e8b465ee728b) (PreviewImporter) -> (artifact id: 'ef7a1a8184fbdc10a7e7a6457f893936') in 0.0711298 seconds
Number of updated asset objects reloaded before import = 0Number of asset objects unloaded after import = 3

========================================================================
Received Import Request.
  Time since last request: 0.000090 seconds.
  path: Assets/FencesPack/Materials/MetalCore.mat
  artifactKey: Guid(8c15c09b710a5314dbff7905426596ba) Importer(815301076,1909f56bfc062723c751e8b465ee728b)
Start importing Assets/FencesPack/Materials/MetalCore.mat using Guid(8c15c09b710a5314dbff7905426596ba) Importer(815301076,1909f56bfc062723c751e8b465ee728b) (PreviewImporter) -> (artifact id: '989065a223d6906094c684cacd61927a') in 0.0355444 seconds
Number of updated asset objects reloaded before import = 0Number of asset objects unloaded after import = 3

========================================================================
Received Import Request.
  Time since last request: 0.000022 seconds.
  path: Assets/FencesPack/Materials/Concrete.mat
  artifactKey: Guid(11fbccbff90d91b46aaff20b9cd3a695) Importer(815301076,1909f56bfc062723c751e8b465ee728b)
Start importing Assets/FencesPack/Materials/Concrete.mat using Guid(11fbccbff90d91b46aaff20b9cd3a695) Importer(815301076,1909f56bfc062723c751e8b465ee728b) (PreviewImporter) -> (artifact id: '48377510b3224bed24eb2c28ec3943f2') in 0.0432764 seconds
Number of updated asset objects reloaded before import = 0Number of asset objects unloaded after import = 3

========================================================================
Received Import Request.
  Time since last request: 42.791956 seconds.
  path: Assets/JP Environmental Asset Pack/Materials/Terrain Materials/Grass 2.terrainlayer
  artifactKey: Guid(5468b1d74800fce42841a39f5c42dbe1) Importer(815301076,1909f56bfc062723c751e8b465ee728b)
Start importing Assets/JP Environmental Asset Pack/Materials/Terrain Materials/Grass 2.terrainlayer using Guid(5468b1d74800fce42841a39f5c42dbe1) Importer(815301076,1909f56bfc062723c751e8b465ee728b) (PreviewImporter) -> (artifact id: '2d8889ef816c356917b0f30c9ea73e10') in 0.132794 seconds
Number of updated asset objects reloaded before import = 0Number of asset objects unloaded after import = 4

========================================================================
Received Import Request.
  Time since last request: 0.000039 seconds.
  path: Assets/JP Environmental Asset Pack/Materials/Terrain Materials/Rock Floor 2.terrainlayer
  artifactKey: Guid(34abe2e61374fb749a5e1d25d14b5cc4) Importer(815301076,1909f56bfc062723c751e8b465ee728b)
Start importing Assets/JP Environmental Asset Pack/Materials/Terrain Materials/Rock Floor 2.terrainlayer using Guid(34abe2e61374fb749a5e1d25d14b5cc4) Importer(815301076,1909f56bfc062723c751e8b465ee728b) (PreviewImporter) -> (artifact id: '9e7f10311141381716a2aa68b4ae4a84') in 0.0964226 seconds
Number of updated asset objects reloaded before import = 0Number of asset objects unloaded after import = 4

